2024-12-23 09:46:26,862 - INFO - Iniciando procesamiento de múltiples patrones
2024-12-23 09:46:26,863 - INFO - Procesando patrón: Bovespa Historical Data
2024-12-23 09:46:26,866 - INFO - Iniciando proceso de combinación de archivos CSV para patrón 'Bovespa Historical Data' en c:\Users\nombreUsuario\Documents\repositoryName\data
2024-12-23 09:46:26,867 - ERROR - Error en el proceso de combinación para 'Bovespa Historical Data': [WinError 3] El sistema no puede encontrar la ruta especificada: 'c:\\Users\\nombreUsuario\\Documents\\repositoryName\\data'
2024-12-23 09:46:26,867 - INFO - Procesando patrón: XPT_USD Historical Data
2024-12-23 09:46:26,868 - INFO - Iniciando proceso de combinación de archivos CSV para patrón 'XPT_USD Historical Data' en c:\Users\nombreUsuario\Documents\repositoryName\data
2024-12-23 09:46:26,869 - ERROR - Error en el proceso de combinación para 'XPT_USD Historical Data': [WinError 3] El sistema no puede encontrar la ruta especificada: 'c:\\Users\\nombreUsuario\\Documents\\repositoryName\\data'
2024-12-23 09:46:26,869 - INFO - Procesando patrón: XAU_USD Historical Data
2024-12-23 09:46:26,869 - INFO - Iniciando proceso de combinación de archivos CSV para patrón 'XAU_USD Historical Data' en c:\Users\nombreUsuario\Documents\repositoryName\data
2024-12-23 09:46:26,870 - ERROR - Error en el proceso de combinación para 'XAU_USD Historical Data': [WinError 3] El sistema no puede encontrar la ruta especificada: 'c:\\Users\\nombreUsuario\\Documents\\repositoryName\\data'
2024-12-23 09:46:26,871 - INFO - Procesando patrón: USD_ZAR Historical Data
2024-12-23 09:46:26,873 - INFO - Iniciando proceso de combinación de archivos CSV para patrón 'USD_ZAR Historical Data' en c:\Users\nombreUsuario\Documents\repositoryName\data
2024-12-23 09:46:26,876 - ERROR - Error en el proceso de combinación para 'USD_ZAR Historical Data': [WinError 3] El sistema no puede encontrar la ruta especificada: 'c:\\Users\\nombreUsuario\\Documents\\repositoryName\\data'
2024-12-23 09:46:26,876 - INFO - Procesando patrón: USD_TRY Historical Data
2024-12-23 09:46:26,880 - INFO - Iniciando proceso de combinación de archivos CSV para patrón 'USD_TRY Historical Data' en c:\Users\nombreUsuario\Documents\repositoryName\data
2024-12-23 09:46:26,881 - ERROR - Error en el proceso de combinación para 'USD_TRY Historical Data': [WinError 3] El sistema no puede encontrar la ruta especificada: 'c:\\Users\\nombreUsuario\\Documents\\repositoryName\\data'
2024-12-23 09:46:26,881 - INFO - Procesando patrón: USD_MXN Historical Data
2024-12-23 09:46:26,892 - INFO - Iniciando proceso de combinación de archivos CSV para patrón 'USD_MXN Historical Data' en c:\Users\nombreUsuario\Documents\repositoryName\data
2024-12-23 09:46:26,900 - ERROR - Error en el proceso de combinación para 'USD_MXN Historical Data': [WinError 3] El sistema no puede encontrar la ruta especificada: 'c:\\Users\\nombreUsuario\\Documents\\repositoryName\\data'
2024-12-23 09:46:26,900 - INFO - Procesando patrón: USD_INR Historical Data
2024-12-23 09:46:26,903 - INFO - Iniciando proceso de combinación de archivos CSV para patrón 'USD_INR Historical Data' en c:\Users\nombreUsuario\Documents\repositoryName\data
2024-12-23 09:46:26,904 - ERROR - Error en el proceso de combinación para 'USD_INR Historical Data': [WinError 3] El sistema no puede encontrar la ruta especificada: 'c:\\Users\\nombreUsuario\\Documents\\repositoryName\\data'
2024-12-23 09:46:26,904 - INFO - Procesando patrón: USD_EUR Historical Data
2024-12-23 09:46:26,905 - INFO - Iniciando proceso de combinación de archivos CSV para patrón 'USD_EUR Historical Data' en c:\Users\nombreUsuario\Documents\repositoryName\data
2024-12-23 09:46:26,906 - ERROR - Error en el proceso de combinación para 'USD_EUR Historical Data': [WinError 3] El sistema no puede encontrar la ruta especificada: 'c:\\Users\\nombreUsuario\\Documents\\repositoryName\\data'
2024-12-23 09:46:26,906 - INFO - Procesando patrón: USD_COP Historical Data
2024-12-23 09:46:26,909 - INFO - Iniciando proceso de combinación de archivos CSV para patrón 'USD_COP Historical Data' en c:\Users\nombreUsuario\Documents\repositoryName\data
2024-12-23 09:46:26,919 - ERROR - Error en el proceso de combinación para 'USD_COP Historical Data': [WinError 3] El sistema no puede encontrar la ruta especificada: 'c:\\Users\\nombreUsuario\\Documents\\repositoryName\\data'
2024-12-23 09:46:26,919 - INFO - Procesando patrón: USD_CNY Historical Data
2024-12-23 09:46:26,920 - INFO - Iniciando proceso de combinación de archivos CSV para patrón 'USD_CNY Historical Data' en c:\Users\nombreUsuario\Documents\repositoryName\data
2024-12-23 09:46:26,921 - ERROR - Error en el proceso de combinación para 'USD_CNY Historical Data': [WinError 3] El sistema no puede encontrar la ruta especificada: 'c:\\Users\\nombreUsuario\\Documents\\repositoryName\\data'
2024-12-23 09:46:26,921 - INFO - Procesando patrón: USD_CLP Historical Data
2024-12-23 09:46:26,926 - INFO - Iniciando proceso de combinación de archivos CSV para patrón 'USD_CLP Historical Data' en c:\Users\nombreUsuario\Documents\repositoryName\data
2024-12-23 09:46:26,927 - ERROR - Error en el proceso de combinación para 'USD_CLP Historical Data': [WinError 3] El sistema no puede encontrar la ruta especificada: 'c:\\Users\\nombreUsuario\\Documents\\repositoryName\\data'
2024-12-23 09:46:26,927 - INFO - Procesando patrón: USD_BRL Historical Data
2024-12-23 09:46:26,928 - INFO - Iniciando proceso de combinación de archivos CSV para patrón 'USD_BRL Historical Data' en c:\Users\nombreUsuario\Documents\repositoryName\data
2024-12-23 09:46:26,935 - ERROR - Error en el proceso de combinación para 'USD_BRL Historical Data': [WinError 3] El sistema no puede encontrar la ruta especificada: 'c:\\Users\\nombreUsuario\\Documents\\repositoryName\\data'
2024-12-23 09:46:26,935 - INFO - Procesando patrón: USD_ARS Historical Data
2024-12-23 09:46:26,936 - INFO - Iniciando proceso de combinación de archivos CSV para patrón 'USD_ARS Historical Data' en c:\Users\nombreUsuario\Documents\repositoryName\data
2024-12-23 09:46:26,936 - ERROR - Error en el proceso de combinación para 'USD_ARS Historical Data': [WinError 3] El sistema no puede encontrar la ruta especificada: 'c:\\Users\\nombreUsuario\\Documents\\repositoryName\\data'
2024-12-23 09:46:26,937 - INFO - Procesando patrón: United States 10-Year Bond Yield Historical Data
2024-12-23 09:46:26,938 - INFO - Iniciando proceso de combinación de archivos CSV para patrón 'United States 10-Year Bond Yield Historical Data' en c:\Users\nombreUsuario\Documents\repositoryName\data
2024-12-23 09:46:26,940 - ERROR - Error en el proceso de combinación para 'United States 10-Year Bond Yield Historical Data': [WinError 3] El sistema no puede encontrar la ruta especificada: 'c:\\Users\\nombreUsuario\\Documents\\repositoryName\\data'
2024-12-23 09:46:26,940 - INFO - Procesando patrón: United States 2-Year Bond Yield Historical Data
2024-12-23 09:46:26,941 - INFO - Iniciando proceso de combinación de archivos CSV para patrón 'United States 2-Year Bond Yield Historical Data' en c:\Users\nombreUsuario\Documents\repositoryName\data
2024-12-23 09:46:26,942 - ERROR - Error en el proceso de combinación para 'United States 2-Year Bond Yield Historical Data': [WinError 3] El sistema no puede encontrar la ruta especificada: 'c:\\Users\\nombreUsuario\\Documents\\repositoryName\\data'
2024-12-23 09:46:26,942 - INFO - Procesando patrón: Silver Futures Historical Data
2024-12-23 09:46:26,943 - INFO - Iniciando proceso de combinación de archivos CSV para patrón 'Silver Futures Historical Data' en c:\Users\nombreUsuario\Documents\repositoryName\data
2024-12-23 09:46:26,944 - ERROR - Error en el proceso de combinación para 'Silver Futures Historical Data': [WinError 3] El sistema no puede encontrar la ruta especificada: 'c:\\Users\\nombreUsuario\\Documents\\repositoryName\\data'
2024-12-23 09:46:26,944 - INFO - Procesando patrón: Shanghai Shenzhen CSI 300 Historical Data
2024-12-23 09:46:26,951 - INFO - Iniciando proceso de combinación de archivos CSV para patrón 'Shanghai Shenzhen CSI 300 Historical Data' en c:\Users\nombreUsuario\Documents\repositoryName\data
2024-12-23 09:46:26,952 - ERROR - Error en el proceso de combinación para 'Shanghai Shenzhen CSI 300 Historical Data': [WinError 3] El sistema no puede encontrar la ruta especificada: 'c:\\Users\\nombreUsuario\\Documents\\repositoryName\\data'
2024-12-23 09:46:26,952 - INFO - Procesando patrón: SGD_USD Historical Data
2024-12-23 09:46:26,953 - INFO - Iniciando proceso de combinación de archivos CSV para patrón 'SGD_USD Historical Data' en c:\Users\nombreUsuario\Documents\repositoryName\data
2024-12-23 09:46:26,954 - ERROR - Error en el proceso de combinación para 'SGD_USD Historical Data': [WinError 3] El sistema no puede encontrar la ruta especificada: 'c:\\Users\\nombreUsuario\\Documents\\repositoryName\\data'
2024-12-23 09:46:26,955 - INFO - Procesando patrón: S&P_BMV IPC Historical Data
2024-12-23 09:46:26,956 - INFO - Iniciando proceso de combinación de archivos CSV para patrón 'S&P_BMV IPC Historical Data' en c:\Users\nombreUsuario\Documents\repositoryName\data
2024-12-23 09:46:26,959 - ERROR - Error en el proceso de combinación para 'S&P_BMV IPC Historical Data': [WinError 3] El sistema no puede encontrar la ruta especificada: 'c:\\Users\\nombreUsuario\\Documents\\repositoryName\\data'
2024-12-23 09:46:26,959 - INFO - Procesando patrón: S&P CLX IPSA Historical Data
2024-12-23 09:46:26,960 - INFO - Iniciando proceso de combinación de archivos CSV para patrón 'S&P CLX IPSA Historical Data' en c:\Users\nombreUsuario\Documents\repositoryName\data
2024-12-23 09:46:26,960 - ERROR - Error en el proceso de combinación para 'S&P CLX IPSA Historical Data': [WinError 3] El sistema no puede encontrar la ruta especificada: 'c:\\Users\\nombreUsuario\\Documents\\repositoryName\\data'
2024-12-23 09:46:26,960 - INFO - Procesando patrón: PLN_USD Historical Data
2024-12-23 09:46:26,961 - INFO - Iniciando proceso de combinación de archivos CSV para patrón 'PLN_USD Historical Data' en c:\Users\nombreUsuario\Documents\repositoryName\data
2024-12-23 09:46:26,968 - ERROR - Error en el proceso de combinación para 'PLN_USD Historical Data': [WinError 3] El sistema no puede encontrar la ruta especificada: 'c:\\Users\\nombreUsuario\\Documents\\repositoryName\\data'
2024-12-23 09:46:26,969 - INFO - Procesando patrón: Platinum Futures Historical Data
2024-12-23 09:46:26,969 - INFO - Iniciando proceso de combinación de archivos CSV para patrón 'Platinum Futures Historical Data' en c:\Users\nombreUsuario\Documents\repositoryName\data
2024-12-23 09:46:26,970 - ERROR - Error en el proceso de combinación para 'Platinum Futures Historical Data': [WinError 3] El sistema no puede encontrar la ruta especificada: 'c:\\Users\\nombreUsuario\\Documents\\repositoryName\\data'
2024-12-23 09:46:26,970 - INFO - Procesando patrón: Nasdaq 100 Historical Data
2024-12-23 09:46:26,971 - INFO - Iniciando proceso de combinación de archivos CSV para patrón 'Nasdaq 100 Historical Data' en c:\Users\nombreUsuario\Documents\repositoryName\data
2024-12-23 09:46:26,972 - ERROR - Error en el proceso de combinación para 'Nasdaq 100 Historical Data': [WinError 3] El sistema no puede encontrar la ruta especificada: 'c:\\Users\\nombreUsuario\\Documents\\repositoryName\\data'
2024-12-23 09:46:26,973 - INFO - Procesando patrón: MXN_USD Historical Data
2024-12-23 09:46:26,974 - INFO - Iniciando proceso de combinación de archivos CSV para patrón 'MXN_USD Historical Data' en c:\Users\nombreUsuario\Documents\repositoryName\data
2024-12-23 09:46:26,976 - ERROR - Error en el proceso de combinación para 'MXN_USD Historical Data': [WinError 3] El sistema no puede encontrar la ruta especificada: 'c:\\Users\\nombreUsuario\\Documents\\repositoryName\\data'
2024-12-23 09:46:26,976 - INFO - Procesando patrón: Mexico 10-Year Bond Yield Historical Data
2024-12-23 09:46:26,977 - INFO - Iniciando proceso de combinación de archivos CSV para patrón 'Mexico 10-Year Bond Yield Historical Data' en c:\Users\nombreUsuario\Documents\repositoryName\data
2024-12-23 09:46:26,978 - ERROR - Error en el proceso de combinación para 'Mexico 10-Year Bond Yield Historical Data': [WinError 3] El sistema no puede encontrar la ruta especificada: 'c:\\Users\\nombreUsuario\\Documents\\repositoryName\\data'
2024-12-23 09:46:26,978 - INFO - Procesando patrón: Gold Futures Historical Data
2024-12-23 09:46:26,985 - INFO - Iniciando proceso de combinación de archivos CSV para patrón 'Gold Futures Historical Data' en c:\Users\nombreUsuario\Documents\repositoryName\data
2024-12-23 09:46:26,985 - ERROR - Error en el proceso de combinación para 'Gold Futures Historical Data': [WinError 3] El sistema no puede encontrar la ruta especificada: 'c:\\Users\\nombreUsuario\\Documents\\repositoryName\\data'
2024-12-23 09:46:26,986 - INFO - Procesando patrón: FTSE_JSE All Share Historical Data
2024-12-23 09:46:26,987 - INFO - Iniciando proceso de combinación de archivos CSV para patrón 'FTSE_JSE All Share Historical Data' en c:\Users\nombreUsuario\Documents\repositoryName\data
2024-12-23 09:46:26,988 - ERROR - Error en el proceso de combinación para 'FTSE_JSE All Share Historical Data': [WinError 3] El sistema no puede encontrar la ruta especificada: 'c:\\Users\\nombreUsuario\\Documents\\repositoryName\\data'
2024-12-23 09:46:26,988 - INFO - Procesando patrón: FTSE Latin America All Cap Historical Data
2024-12-23 09:46:26,991 - INFO - Iniciando proceso de combinación de archivos CSV para patrón 'FTSE Latin America All Cap Historical Data' en c:\Users\nombreUsuario\Documents\repositoryName\data
2024-12-23 09:46:26,991 - ERROR - Error en el proceso de combinación para 'FTSE Latin America All Cap Historical Data': [WinError 3] El sistema no puede encontrar la ruta especificada: 'c:\\Users\\nombreUsuario\\Documents\\repositoryName\\data'
2024-12-23 09:46:26,992 - INFO - Procesando patrón: FTSE Emerging Historical Data
2024-12-23 09:46:26,992 - INFO - Iniciando proceso de combinación de archivos CSV para patrón 'FTSE Emerging Historical Data' en c:\Users\nombreUsuario\Documents\repositoryName\data
2024-12-23 09:46:26,994 - ERROR - Error en el proceso de combinación para 'FTSE Emerging Historical Data': [WinError 3] El sistema no puede encontrar la ruta especificada: 'c:\\Users\\nombreUsuario\\Documents\\repositoryName\\data'
2024-12-23 09:46:26,995 - INFO - Procesando patrón: Copper Futures Historical Data
2024-12-23 09:46:26,999 - INFO - Iniciando proceso de combinación de archivos CSV para patrón 'Copper Futures Historical Data' en c:\Users\nombreUsuario\Documents\repositoryName\data
2024-12-23 09:46:27,000 - ERROR - Error en el proceso de combinación para 'Copper Futures Historical Data': [WinError 3] El sistema no puede encontrar la ruta especificada: 'c:\\Users\\nombreUsuario\\Documents\\repositoryName\\data'
2024-12-23 09:46:27,001 - INFO - Procesando patrón: Colombia 10-Year Bond Yield Historical Data
2024-12-23 09:46:27,002 - INFO - Iniciando proceso de combinación de archivos CSV para patrón 'Colombia 10-Year Bond Yield Historical Data' en c:\Users\nombreUsuario\Documents\repositoryName\data
2024-12-23 09:46:27,004 - ERROR - Error en el proceso de combinación para 'Colombia 10-Year Bond Yield Historical Data': [WinError 3] El sistema no puede encontrar la ruta especificada: 'c:\\Users\\nombreUsuario\\Documents\\repositoryName\\data'
2024-12-23 09:46:27,004 - INFO - Procesando patrón: Colombia 5-Year Bond Yield Historical Data
2024-12-23 09:46:27,006 - INFO - Iniciando proceso de combinación de archivos CSV para patrón 'Colombia 5-Year Bond Yield Historical Data' en c:\Users\nombreUsuario\Documents\repositoryName\data
2024-12-23 09:46:27,007 - ERROR - Error en el proceso de combinación para 'Colombia 5-Year Bond Yield Historical Data': [WinError 3] El sistema no puede encontrar la ruta especificada: 'c:\\Users\\nombreUsuario\\Documents\\repositoryName\\data'
2024-12-23 09:46:27,008 - INFO - Procesando patrón: COLCAP Historical Data
2024-12-23 09:46:27,008 - INFO - Iniciando proceso de combinación de archivos CSV para patrón 'COLCAP Historical Data' en c:\Users\nombreUsuario\Documents\repositoryName\data
2024-12-23 09:46:27,009 - ERROR - Error en el proceso de combinación para 'COLCAP Historical Data': [WinError 3] El sistema no puede encontrar la ruta especificada: 'c:\\Users\\nombreUsuario\\Documents\\repositoryName\\data'
2024-12-23 09:46:27,009 - INFO - Procesando patrón: CNY_USD Historical Data
2024-12-23 09:46:27,010 - INFO - Iniciando proceso de combinación de archivos CSV para patrón 'CNY_USD Historical Data' en c:\Users\nombreUsuario\Documents\repositoryName\data
2024-12-23 09:46:27,011 - ERROR - Error en el proceso de combinación para 'CNY_USD Historical Data': [WinError 3] El sistema no puede encontrar la ruta especificada: 'c:\\Users\\nombreUsuario\\Documents\\repositoryName\\data'
2024-12-23 09:46:27,011 - INFO - Procesando patrón: Chile 10-Year Bond Yield Historical Data
2024-12-23 09:46:27,014 - INFO - Iniciando proceso de combinación de archivos CSV para patrón 'Chile 10-Year Bond Yield Historical Data' en c:\Users\nombreUsuario\Documents\repositoryName\data
2024-12-23 09:46:27,017 - ERROR - Error en el proceso de combinación para 'Chile 10-Year Bond Yield Historical Data': [WinError 3] El sistema no puede encontrar la ruta especificada: 'c:\\Users\\nombreUsuario\\Documents\\repositoryName\\data'
2024-12-23 09:46:27,017 - INFO - Procesando patrón: CHF_EUR Historical Data
2024-12-23 09:46:27,018 - INFO - Iniciando proceso de combinación de archivos CSV para patrón 'CHF_EUR Historical Data' en c:\Users\nombreUsuario\Documents\repositoryName\data
2024-12-23 09:46:27,019 - ERROR - Error en el proceso de combinación para 'CHF_EUR Historical Data': [WinError 3] El sistema no puede encontrar la ruta especificada: 'c:\\Users\\nombreUsuario\\Documents\\repositoryName\\data'
2024-12-23 09:46:27,019 - INFO - Procesando patrón: BRL_USD Historical Data
2024-12-23 09:46:27,020 - INFO - Iniciando proceso de combinación de archivos CSV para patrón 'BRL_USD Historical Data' en c:\Users\nombreUsuario\Documents\repositoryName\data
2024-12-23 09:46:27,022 - ERROR - Error en el proceso de combinación para 'BRL_USD Historical Data': [WinError 3] El sistema no puede encontrar la ruta especificada: 'c:\\Users\\nombreUsuario\\Documents\\repositoryName\\data'
2024-12-23 09:46:27,022 - INFO - Procesando patrón: Brent Oil Futures Historical Data
2024-12-23 09:46:27,022 - INFO - Iniciando proceso de combinación de archivos CSV para patrón 'Brent Oil Futures Historical Data' en c:\Users\nombreUsuario\Documents\repositoryName\data
2024-12-23 09:46:27,024 - ERROR - Error en el proceso de combinación para 'Brent Oil Futures Historical Data': [WinError 3] El sistema no puede encontrar la ruta especificada: 'c:\\Users\\nombreUsuario\\Documents\\repositoryName\\data'
2024-12-23 09:46:27,025 - INFO - Procesando patrón: Brazil 10-Year Bond Yield Historical Data
2024-12-23 09:46:27,025 - INFO - Iniciando proceso de combinación de archivos CSV para patrón 'Brazil 10-Year Bond Yield Historical Data' en c:\Users\nombreUsuario\Documents\repositoryName\data
2024-12-23 09:46:27,026 - ERROR - Error en el proceso de combinación para 'Brazil 10-Year Bond Yield Historical Data': [WinError 3] El sistema no puede encontrar la ruta especificada: 'c:\\Users\\nombreUsuario\\Documents\\repositoryName\\data'
2024-12-23 09:46:27,026 - INFO - 
Resumen de procesamiento:
2024-12-23 09:46:27,026 - INFO - - Patrones procesados exitosamente: 0
2024-12-23 09:46:27,027 - INFO - - Patrones con errores: 39
2024-12-23 09:46:27,027 - INFO - - Total de patrones: 39
