2024-12-19 15:19:16,473 - INFO - Iniciando procesamiento de múltiples patrones
2024-12-19 15:19:16,473 - INFO - Procesando patrón: USD_THB Historical Data
2024-12-19 15:19:16,473 - INFO - Iniciando proceso de combinación de archivos CSV para patrón 'USD_THB Historical Data' en c:\Users\Nabucodonosor\Documents\BITLINK\Repositorios\Convinar data\data
2024-12-19 15:19:16,475 - INFO - Archivo encontrado: USD_THB Historical Data (1).csv
2024-12-19 15:19:16,476 - INFO - Archivo encontrado: USD_THB Historical Data (10).csv
2024-12-19 15:19:16,476 - INFO - Archivo encontrado: USD_THB Historical Data (11).csv
2024-12-19 15:19:16,476 - INFO - Archivo encontrado: USD_THB Historical Data (2).csv
2024-12-19 15:19:16,477 - INFO - Archivo encontrado: USD_THB Historical Data (3).csv
2024-12-19 15:19:16,477 - INFO - Archivo encontrado: USD_THB Historical Data (4).csv
2024-12-19 15:19:16,477 - INFO - Archivo encontrado: USD_THB Historical Data (5).csv
2024-12-19 15:19:16,477 - INFO - Archivo encontrado: USD_THB Historical Data (6).csv
2024-12-19 15:19:16,477 - INFO - Archivo encontrado: USD_THB Historical Data (7).csv
2024-12-19 15:19:16,477 - INFO - Archivo encontrado: USD_THB Historical Data (8).csv
2024-12-19 15:19:16,477 - INFO - Archivo encontrado: USD_THB Historical Data (9).csv
2024-12-19 15:19:16,477 - INFO - Archivo encontrado: USD_THB Historical Data.csv
2024-12-19 15:19:16,516 - INFO - Columnas originales en USD_THB Historical Data (1).csv: ['Date', 'Price', 'Open', 'High', 'Low', 'Vol.', 'Change %']
2024-12-19 15:19:16,517 - INFO - Archivo procesado exitosamente: USD_THB Historical Data (1).csv
2024-12-19 15:19:16,544 - INFO - Columnas originales en USD_THB Historical Data (10).csv: ['Date', 'Price', 'Open', 'High', 'Low', 'Vol.', 'Change %']
2024-12-19 15:19:16,545 - INFO - Archivo procesado exitosamente: USD_THB Historical Data (10).csv
2024-12-19 15:19:16,556 - INFO - Columnas originales en USD_THB Historical Data (11).csv: ['Date', 'Price', 'Open', 'High', 'Low', 'Vol.', 'Change %']
2024-12-19 15:19:16,557 - INFO - Archivo procesado exitosamente: USD_THB Historical Data (11).csv
2024-12-19 15:19:16,562 - INFO - Columnas originales en USD_THB Historical Data (2).csv: ['Date', 'Price', 'Open', 'High', 'Low', 'Vol.', 'Change %']
2024-12-19 15:19:16,563 - INFO - Archivo procesado exitosamente: USD_THB Historical Data (2).csv
2024-12-19 15:19:16,594 - INFO - Columnas originales en USD_THB Historical Data (3).csv: ['Date', 'Price', 'Open', 'High', 'Low', 'Vol.', 'Change %']
2024-12-19 15:19:16,595 - INFO - Archivo procesado exitosamente: USD_THB Historical Data (3).csv
2024-12-19 15:19:16,624 - INFO - Columnas originales en USD_THB Historical Data (4).csv: ['Date', 'Price', 'Open', 'High', 'Low', 'Vol.', 'Change %']
2024-12-19 15:19:16,625 - INFO - Archivo procesado exitosamente: USD_THB Historical Data (4).csv
2024-12-19 15:19:16,654 - INFO - Columnas originales en USD_THB Historical Data (5).csv: ['Date', 'Price', 'Open', 'High', 'Low', 'Vol.', 'Change %']
2024-12-19 15:19:16,655 - INFO - Archivo procesado exitosamente: USD_THB Historical Data (5).csv
2024-12-19 15:19:16,681 - INFO - Columnas originales en USD_THB Historical Data (6).csv: ['Date', 'Price', 'Open', 'High', 'Low', 'Vol.', 'Change %']
2024-12-19 15:19:16,682 - INFO - Archivo procesado exitosamente: USD_THB Historical Data (6).csv
2024-12-19 15:19:16,684 - INFO - Columnas originales en USD_THB Historical Data (7).csv: ['Date', 'Price', 'Open', 'High', 'Low', 'Vol.', 'Change %']
2024-12-19 15:19:16,685 - INFO - Archivo procesado exitosamente: USD_THB Historical Data (7).csv
2024-12-19 15:19:16,687 - INFO - Columnas originales en USD_THB Historical Data (8).csv: ['Date', 'Price', 'Open', 'High', 'Low', 'Vol.', 'Change %']
2024-12-19 15:19:16,688 - INFO - Archivo procesado exitosamente: USD_THB Historical Data (8).csv
2024-12-19 15:19:16,712 - INFO - Columnas originales en USD_THB Historical Data (9).csv: ['Date', 'Price', 'Open', 'High', 'Low', 'Vol.', 'Change %']
2024-12-19 15:19:16,712 - INFO - Archivo procesado exitosamente: USD_THB Historical Data (9).csv
2024-12-19 15:19:16,737 - INFO - Columnas originales en USD_THB Historical Data.csv: ['Date', 'Price', 'Open', 'High', 'Low', 'Vol.', 'Change %']
2024-12-19 15:19:16,738 - INFO - Archivo procesado exitosamente: USD_THB Historical Data.csv
2024-12-19 15:19:16,786 - INFO - Archivo combinado guardado exitosamente: USD_THB Historical Data_TOTAL.csv
2024-12-19 15:19:16,786 - INFO - Estadísticas finales para USD_THB Historical Data:
2024-12-19 15:19:16,786 - INFO - - Archivos procesados: 12
2024-12-19 15:19:16,786 - INFO - - Total de registros: 6056
2024-12-19 15:19:16,786 - INFO - - Columnas en archivo final: ['Date', 'Close', 'Open', 'High', 'Low', 'Volume', 'Change%']
2024-12-19 15:19:16,787 - INFO - Procesando patrón: SAR_USD Historical Data
2024-12-19 15:19:16,787 - INFO - Iniciando proceso de combinación de archivos CSV para patrón 'SAR_USD Historical Data' en c:\Users\Nabucodonosor\Documents\BITLINK\Repositorios\Convinar data\data
2024-12-19 15:19:16,789 - INFO - Archivo encontrado: SAR_USD Historical Data (1).csv
2024-12-19 15:19:16,789 - INFO - Archivo encontrado: SAR_USD Historical Data (10).csv
2024-12-19 15:19:16,789 - INFO - Archivo encontrado: SAR_USD Historical Data (11).csv
2024-12-19 15:19:16,789 - INFO - Archivo encontrado: SAR_USD Historical Data (2).csv
2024-12-19 15:19:16,789 - INFO - Archivo encontrado: SAR_USD Historical Data (3).csv
2024-12-19 15:19:16,789 - INFO - Archivo encontrado: SAR_USD Historical Data (4).csv
2024-12-19 15:19:16,789 - INFO - Archivo encontrado: SAR_USD Historical Data (5).csv
2024-12-19 15:19:16,789 - INFO - Archivo encontrado: SAR_USD Historical Data (6).csv
2024-12-19 15:19:16,789 - INFO - Archivo encontrado: SAR_USD Historical Data (7).csv
2024-12-19 15:19:16,790 - INFO - Archivo encontrado: SAR_USD Historical Data (8).csv
2024-12-19 15:19:16,790 - INFO - Archivo encontrado: SAR_USD Historical Data (9).csv
2024-12-19 15:19:16,790 - INFO - Archivo encontrado: SAR_USD Historical Data.csv
2024-12-19 15:19:16,822 - INFO - Columnas originales en SAR_USD Historical Data (1).csv: ['Date', 'Price', 'Open', 'High', 'Low', 'Vol.', 'Change %']
2024-12-19 15:19:16,823 - INFO - Archivo procesado exitosamente: SAR_USD Historical Data (1).csv
2024-12-19 15:19:16,825 - INFO - Columnas originales en SAR_USD Historical Data (10).csv: ['Date', 'Price', 'Open', 'High', 'Low', 'Vol.', 'Change %']
2024-12-19 15:19:16,826 - INFO - Archivo procesado exitosamente: SAR_USD Historical Data (10).csv
2024-12-19 15:19:16,835 - INFO - Columnas originales en SAR_USD Historical Data (11).csv: ['Date', 'Price', 'Open', 'High', 'Low', 'Vol.', 'Change %']
2024-12-19 15:19:16,836 - INFO - Archivo procesado exitosamente: SAR_USD Historical Data (11).csv
2024-12-19 15:19:16,862 - INFO - Columnas originales en SAR_USD Historical Data (2).csv: ['Date', 'Price', 'Open', 'High', 'Low', 'Vol.', 'Change %']
2024-12-19 15:19:16,863 - INFO - Archivo procesado exitosamente: SAR_USD Historical Data (2).csv
2024-12-19 15:19:16,888 - INFO - Columnas originales en SAR_USD Historical Data (3).csv: ['Date', 'Price', 'Open', 'High', 'Low', 'Vol.', 'Change %']
2024-12-19 15:19:16,888 - INFO - Archivo procesado exitosamente: SAR_USD Historical Data (3).csv
2024-12-19 15:19:16,917 - INFO - Columnas originales en SAR_USD Historical Data (4).csv: ['Date', 'Price', 'Open', 'High', 'Low', 'Vol.', 'Change %']
2024-12-19 15:19:16,918 - INFO - Archivo procesado exitosamente: SAR_USD Historical Data (4).csv
2024-12-19 15:19:16,946 - INFO - Columnas originales en SAR_USD Historical Data (5).csv: ['Date', 'Price', 'Open', 'High', 'Low', 'Vol.', 'Change %']
2024-12-19 15:19:16,947 - INFO - Archivo procesado exitosamente: SAR_USD Historical Data (5).csv
2024-12-19 15:19:16,973 - INFO - Columnas originales en SAR_USD Historical Data (6).csv: ['Date', 'Price', 'Open', 'High', 'Low', 'Vol.', 'Change %']
2024-12-19 15:19:16,973 - INFO - Archivo procesado exitosamente: SAR_USD Historical Data (6).csv
2024-12-19 15:19:16,998 - INFO - Columnas originales en SAR_USD Historical Data (7).csv: ['Date', 'Price', 'Open', 'High', 'Low', 'Vol.', 'Change %']
2024-12-19 15:19:16,999 - INFO - Archivo procesado exitosamente: SAR_USD Historical Data (7).csv
2024-12-19 15:19:17,030 - INFO - Columnas originales en SAR_USD Historical Data (8).csv: ['Date', 'Price', 'Open', 'High', 'Low', 'Vol.', 'Change %']
2024-12-19 15:19:17,031 - INFO - Archivo procesado exitosamente: SAR_USD Historical Data (8).csv
2024-12-19 15:19:17,034 - INFO - Columnas originales en SAR_USD Historical Data (9).csv: ['Date', 'Price', 'Open', 'High', 'Low', 'Vol.', 'Change %']
2024-12-19 15:19:17,034 - INFO - Archivo procesado exitosamente: SAR_USD Historical Data (9).csv
2024-12-19 15:19:17,059 - INFO - Columnas originales en SAR_USD Historical Data.csv: ['Date', 'Price', 'Open', 'High', 'Low', 'Vol.', 'Change %']
2024-12-19 15:19:17,060 - INFO - Archivo procesado exitosamente: SAR_USD Historical Data.csv
2024-12-19 15:19:17,110 - INFO - Archivo combinado guardado exitosamente: SAR_USD Historical Data_TOTAL.csv
2024-12-19 15:19:17,110 - INFO - Estadísticas finales para SAR_USD Historical Data:
2024-12-19 15:19:17,110 - INFO - - Archivos procesados: 12
2024-12-19 15:19:17,110 - INFO - - Total de registros: 6286
2024-12-19 15:19:17,111 - INFO - - Columnas en archivo final: ['Date', 'Close', 'Open', 'High', 'Low', 'Volume', 'Change%']
2024-12-19 15:19:17,112 - INFO - Procesando patrón: IDR_USD Historical Data
2024-12-19 15:19:17,114 - INFO - Iniciando proceso de combinación de archivos CSV para patrón 'IDR_USD Historical Data' en c:\Users\Nabucodonosor\Documents\BITLINK\Repositorios\Convinar data\data
2024-12-19 15:19:17,116 - INFO - Archivo encontrado: IDR_USD Historical Data (1).csv
2024-12-19 15:19:17,117 - INFO - Archivo encontrado: IDR_USD Historical Data (10).csv
2024-12-19 15:19:17,117 - INFO - Archivo encontrado: IDR_USD Historical Data (11).csv
2024-12-19 15:19:17,117 - INFO - Archivo encontrado: IDR_USD Historical Data (2).csv
2024-12-19 15:19:17,117 - INFO - Archivo encontrado: IDR_USD Historical Data (3).csv
2024-12-19 15:19:17,117 - INFO - Archivo encontrado: IDR_USD Historical Data (4).csv
2024-12-19 15:19:17,117 - INFO - Archivo encontrado: IDR_USD Historical Data (5).csv
2024-12-19 15:19:17,118 - INFO - Archivo encontrado: IDR_USD Historical Data (6).csv
2024-12-19 15:19:17,118 - INFO - Archivo encontrado: IDR_USD Historical Data (7).csv
2024-12-19 15:19:17,118 - INFO - Archivo encontrado: IDR_USD Historical Data (8).csv
2024-12-19 15:19:17,118 - INFO - Archivo encontrado: IDR_USD Historical Data (9).csv
2024-12-19 15:19:17,118 - INFO - Archivo encontrado: IDR_USD Historical Data.csv
2024-12-19 15:19:17,122 - INFO - Columnas originales en IDR_USD Historical Data (1).csv: ['Date', 'Price', 'Open', 'High', 'Low', 'Vol.', 'Change %']
2024-12-19 15:19:17,122 - INFO - Archivo procesado exitosamente: IDR_USD Historical Data (1).csv
2024-12-19 15:19:17,139 - INFO - Columnas originales en IDR_USD Historical Data (10).csv: ['Date', 'Price', 'Open', 'High', 'Low', 'Vol.', 'Change %']
2024-12-19 15:19:17,140 - INFO - Archivo procesado exitosamente: IDR_USD Historical Data (10).csv
2024-12-19 15:19:17,151 - INFO - Columnas originales en IDR_USD Historical Data (11).csv: ['Date', 'Price', 'Open', 'High', 'Low', 'Vol.', 'Change %']
2024-12-19 15:19:17,151 - INFO - Archivo procesado exitosamente: IDR_USD Historical Data (11).csv
2024-12-19 15:19:17,154 - INFO - Columnas originales en IDR_USD Historical Data (2).csv: ['Date', 'Price', 'Open', 'High', 'Low', 'Vol.', 'Change %']
2024-12-19 15:19:17,154 - INFO - Archivo procesado exitosamente: IDR_USD Historical Data (2).csv
2024-12-19 15:19:17,156 - INFO - Columnas originales en IDR_USD Historical Data (3).csv: ['Date', 'Price', 'Open', 'High', 'Low', 'Vol.', 'Change %']
2024-12-19 15:19:17,157 - INFO - Archivo procesado exitosamente: IDR_USD Historical Data (3).csv
2024-12-19 15:19:17,175 - INFO - Columnas originales en IDR_USD Historical Data (4).csv: ['Date', 'Price', 'Open', 'High', 'Low', 'Vol.', 'Change %']
2024-12-19 15:19:17,176 - INFO - Archivo procesado exitosamente: IDR_USD Historical Data (4).csv
2024-12-19 15:19:17,189 - INFO - Columnas originales en IDR_USD Historical Data (5).csv: ['Date', 'Price', 'Open', 'High', 'Low', 'Vol.', 'Change %']
2024-12-19 15:19:17,189 - INFO - Archivo procesado exitosamente: IDR_USD Historical Data (5).csv
2024-12-19 15:19:17,202 - INFO - Columnas originales en IDR_USD Historical Data (6).csv: ['Date', 'Price', 'Open', 'High', 'Low', 'Vol.', 'Change %']
2024-12-19 15:19:17,202 - INFO - Archivo procesado exitosamente: IDR_USD Historical Data (6).csv
2024-12-19 15:19:17,215 - INFO - Columnas originales en IDR_USD Historical Data (7).csv: ['Date', 'Price', 'Open', 'High', 'Low', 'Vol.', 'Change %']
2024-12-19 15:19:17,215 - INFO - Archivo procesado exitosamente: IDR_USD Historical Data (7).csv
2024-12-19 15:19:17,230 - INFO - Columnas originales en IDR_USD Historical Data (8).csv: ['Date', 'Price', 'Open', 'High', 'Low', 'Vol.', 'Change %']
2024-12-19 15:19:17,231 - INFO - Archivo procesado exitosamente: IDR_USD Historical Data (8).csv
2024-12-19 15:19:17,244 - INFO - Columnas originales en IDR_USD Historical Data (9).csv: ['Date', 'Price', 'Open', 'High', 'Low', 'Vol.', 'Change %']
2024-12-19 15:19:17,245 - INFO - Archivo procesado exitosamente: IDR_USD Historical Data (9).csv
2024-12-19 15:19:17,258 - INFO - Columnas originales en IDR_USD Historical Data.csv: ['Date', 'Price', 'Open', 'High', 'Low', 'Vol.', 'Change %']
2024-12-19 15:19:17,258 - INFO - Archivo procesado exitosamente: IDR_USD Historical Data.csv
2024-12-19 15:19:17,278 - INFO - Archivo combinado guardado exitosamente: IDR_USD Historical Data_TOTAL.csv
2024-12-19 15:19:17,279 - INFO - Estadísticas finales para IDR_USD Historical Data:
2024-12-19 15:19:17,279 - INFO - - Archivos procesados: 12
2024-12-19 15:19:17,279 - INFO - - Total de registros: 2216
2024-12-19 15:19:17,279 - INFO - - Columnas en archivo final: ['Date', 'Close', 'Open', 'High', 'Low', 'Volume', 'Change%']
2024-12-19 15:19:17,279 - INFO - Procesando patrón: USD_RUB Historical Data
2024-12-19 15:19:17,280 - INFO - Iniciando proceso de combinación de archivos CSV para patrón 'USD_RUB Historical Data' en c:\Users\Nabucodonosor\Documents\BITLINK\Repositorios\Convinar data\data
2024-12-19 15:19:17,282 - INFO - Archivo encontrado: USD_RUB Historical Data (1).csv
2024-12-19 15:19:17,282 - INFO - Archivo encontrado: USD_RUB Historical Data (10).csv
2024-12-19 15:19:17,282 - INFO - Archivo encontrado: USD_RUB Historical Data (11).csv
2024-12-19 15:19:17,283 - INFO - Archivo encontrado: USD_RUB Historical Data (2).csv
2024-12-19 15:19:17,283 - INFO - Archivo encontrado: USD_RUB Historical Data (3).csv
2024-12-19 15:19:17,283 - INFO - Archivo encontrado: USD_RUB Historical Data (4).csv
2024-12-19 15:19:17,283 - INFO - Archivo encontrado: USD_RUB Historical Data (5).csv
2024-12-19 15:19:17,283 - INFO - Archivo encontrado: USD_RUB Historical Data (6).csv
2024-12-19 15:19:17,283 - INFO - Archivo encontrado: USD_RUB Historical Data (7).csv
2024-12-19 15:19:17,283 - INFO - Archivo encontrado: USD_RUB Historical Data (8).csv
2024-12-19 15:19:17,283 - INFO - Archivo encontrado: USD_RUB Historical Data (9).csv
2024-12-19 15:19:17,283 - INFO - Archivo encontrado: USD_RUB Historical Data.csv
2024-12-19 15:19:17,287 - INFO - Columnas originales en USD_RUB Historical Data (1).csv: ['Date', 'Price', 'Open', 'High', 'Low', 'Vol.', 'Change %']
2024-12-19 15:19:17,287 - INFO - Archivo procesado exitosamente: USD_RUB Historical Data (1).csv
2024-12-19 15:19:17,291 - INFO - Columnas originales en USD_RUB Historical Data (10).csv: ['Date', 'Price', 'Open', 'High', 'Low', 'Vol.', 'Change %']
2024-12-19 15:19:17,292 - INFO - Archivo procesado exitosamente: USD_RUB Historical Data (10).csv
2024-12-19 15:19:17,302 - INFO - Columnas originales en USD_RUB Historical Data (11).csv: ['Date', 'Price', 'Open', 'High', 'Low', 'Vol.', 'Change %']
2024-12-19 15:19:17,302 - INFO - Archivo procesado exitosamente: USD_RUB Historical Data (11).csv
2024-12-19 15:19:17,306 - INFO - Columnas originales en USD_RUB Historical Data (2).csv: ['Date', 'Price', 'Open', 'High', 'Low', 'Vol.', 'Change %']
2024-12-19 15:19:17,306 - INFO - Archivo procesado exitosamente: USD_RUB Historical Data (2).csv
2024-12-19 15:19:17,333 - INFO - Columnas originales en USD_RUB Historical Data (3).csv: ['Date', 'Price', 'Open', 'High', 'Low', 'Vol.', 'Change %']
2024-12-19 15:19:17,333 - INFO - Archivo procesado exitosamente: USD_RUB Historical Data (3).csv
2024-12-19 15:19:17,336 - INFO - Columnas originales en USD_RUB Historical Data (4).csv: ['Date', 'Price', 'Open', 'High', 'Low', 'Vol.', 'Change %']
2024-12-19 15:19:17,337 - INFO - Archivo procesado exitosamente: USD_RUB Historical Data (4).csv
2024-12-19 15:19:17,339 - INFO - Columnas originales en USD_RUB Historical Data (5).csv: ['Date', 'Price', 'Open', 'High', 'Low', 'Vol.', 'Change %']
2024-12-19 15:19:17,340 - INFO - Archivo procesado exitosamente: USD_RUB Historical Data (5).csv
2024-12-19 15:19:17,366 - INFO - Columnas originales en USD_RUB Historical Data (6).csv: ['Date', 'Price', 'Open', 'High', 'Low', 'Vol.', 'Change %']
2024-12-19 15:19:17,367 - INFO - Archivo procesado exitosamente: USD_RUB Historical Data (6).csv
2024-12-19 15:19:17,393 - INFO - Columnas originales en USD_RUB Historical Data (7).csv: ['Date', 'Price', 'Open', 'High', 'Low', 'Vol.', 'Change %']
2024-12-19 15:19:17,394 - INFO - Archivo procesado exitosamente: USD_RUB Historical Data (7).csv
2024-12-19 15:19:17,420 - INFO - Columnas originales en USD_RUB Historical Data (8).csv: ['Date', 'Price', 'Open', 'High', 'Low', 'Vol.', 'Change %']
2024-12-19 15:19:17,421 - INFO - Archivo procesado exitosamente: USD_RUB Historical Data (8).csv
2024-12-19 15:19:17,445 - INFO - Columnas originales en USD_RUB Historical Data (9).csv: ['Date', 'Price', 'Open', 'High', 'Low', 'Vol.', 'Change %']
2024-12-19 15:19:17,446 - INFO - Archivo procesado exitosamente: USD_RUB Historical Data (9).csv
2024-12-19 15:19:17,470 - INFO - Columnas originales en USD_RUB Historical Data.csv: ['Date', 'Price', 'Open', 'High', 'Low', 'Vol.', 'Change %']
2024-12-19 15:19:17,471 - INFO - Archivo procesado exitosamente: USD_RUB Historical Data.csv
2024-12-19 15:19:17,520 - INFO - Archivo combinado guardado exitosamente: USD_RUB Historical Data_TOTAL.csv
2024-12-19 15:19:17,520 - INFO - Estadísticas finales para USD_RUB Historical Data:
2024-12-19 15:19:17,520 - INFO - - Archivos procesados: 12
2024-12-19 15:19:17,520 - INFO - - Total de registros: 5993
2024-12-19 15:19:17,520 - INFO - - Columnas en archivo final: ['Date', 'Close', 'Open', 'High', 'Low', 'Volume', 'Change%']
2024-12-19 15:19:17,521 - INFO - Procesando patrón: KRW_USD Historical Data
2024-12-19 15:19:17,522 - INFO - Iniciando proceso de combinación de archivos CSV para patrón 'KRW_USD Historical Data' en c:\Users\Nabucodonosor\Documents\BITLINK\Repositorios\Convinar data\data
2024-12-19 15:19:17,524 - INFO - Archivo encontrado: KRW_USD Historical Data (1).csv
2024-12-19 15:19:17,525 - INFO - Archivo encontrado: KRW_USD Historical Data (10).csv
2024-12-19 15:19:17,525 - INFO - Archivo encontrado: KRW_USD Historical Data (11).csv
2024-12-19 15:19:17,525 - INFO - Archivo encontrado: KRW_USD Historical Data (2).csv
2024-12-19 15:19:17,525 - INFO - Archivo encontrado: KRW_USD Historical Data (3).csv
2024-12-19 15:19:17,525 - INFO - Archivo encontrado: KRW_USD Historical Data (4).csv
2024-12-19 15:19:17,525 - INFO - Archivo encontrado: KRW_USD Historical Data (5).csv
2024-12-19 15:19:17,526 - INFO - Archivo encontrado: KRW_USD Historical Data (6).csv
2024-12-19 15:19:17,526 - INFO - Archivo encontrado: KRW_USD Historical Data (7).csv
2024-12-19 15:19:17,526 - INFO - Archivo encontrado: KRW_USD Historical Data (8).csv
2024-12-19 15:19:17,526 - INFO - Archivo encontrado: KRW_USD Historical Data (9).csv
2024-12-19 15:19:17,526 - INFO - Archivo encontrado: KRW_USD Historical Data.csv
2024-12-19 15:19:17,561 - INFO - Columnas originales en KRW_USD Historical Data (1).csv: ['Date', 'Price', 'Open', 'High', 'Low', 'Vol.', 'Change %']
2024-12-19 15:19:17,562 - INFO - Archivo procesado exitosamente: KRW_USD Historical Data (1).csv
2024-12-19 15:19:17,592 - INFO - Columnas originales en KRW_USD Historical Data (10).csv: ['Date', 'Price', 'Open', 'High', 'Low', 'Vol.', 'Change %']
2024-12-19 15:19:17,593 - INFO - Archivo procesado exitosamente: KRW_USD Historical Data (10).csv
2024-12-19 15:19:17,603 - INFO - Columnas originales en KRW_USD Historical Data (11).csv: ['Date', 'Price', 'Open', 'High', 'Low', 'Vol.', 'Change %']
2024-12-19 15:19:17,604 - INFO - Archivo procesado exitosamente: KRW_USD Historical Data (11).csv
2024-12-19 15:19:17,637 - INFO - Columnas originales en KRW_USD Historical Data (2).csv: ['Date', 'Price', 'Open', 'High', 'Low', 'Vol.', 'Change %']
2024-12-19 15:19:17,638 - INFO - Archivo procesado exitosamente: KRW_USD Historical Data (2).csv
2024-12-19 15:19:17,672 - INFO - Columnas originales en KRW_USD Historical Data (3).csv: ['Date', 'Price', 'Open', 'High', 'Low', 'Vol.', 'Change %']
2024-12-19 15:19:17,672 - INFO - Archivo procesado exitosamente: KRW_USD Historical Data (3).csv
2024-12-19 15:19:17,699 - INFO - Columnas originales en KRW_USD Historical Data (4).csv: ['Date', 'Price', 'Open', 'High', 'Low', 'Vol.', 'Change %']
2024-12-19 15:19:17,700 - INFO - Archivo procesado exitosamente: KRW_USD Historical Data (4).csv
2024-12-19 15:19:17,703 - INFO - Columnas originales en KRW_USD Historical Data (5).csv: ['Date', 'Price', 'Open', 'High', 'Low', 'Vol.', 'Change %']
2024-12-19 15:19:17,703 - INFO - Archivo procesado exitosamente: KRW_USD Historical Data (5).csv
2024-12-19 15:19:17,706 - INFO - Columnas originales en KRW_USD Historical Data (6).csv: ['Date', 'Price', 'Open', 'High', 'Low', 'Vol.', 'Change %']
2024-12-19 15:19:17,706 - INFO - Archivo procesado exitosamente: KRW_USD Historical Data (6).csv
2024-12-19 15:19:17,709 - INFO - Columnas originales en KRW_USD Historical Data (7).csv: ['Date', 'Price', 'Open', 'High', 'Low', 'Vol.', 'Change %']
2024-12-19 15:19:17,710 - INFO - Archivo procesado exitosamente: KRW_USD Historical Data (7).csv
2024-12-19 15:19:17,741 - INFO - Columnas originales en KRW_USD Historical Data (8).csv: ['Date', 'Price', 'Open', 'High', 'Low', 'Vol.', 'Change %']
2024-12-19 15:19:17,741 - INFO - Archivo procesado exitosamente: KRW_USD Historical Data (8).csv
2024-12-19 15:19:17,779 - INFO - Columnas originales en KRW_USD Historical Data (9).csv: ['Date', 'Price', 'Open', 'High', 'Low', 'Vol.', 'Change %']
2024-12-19 15:19:17,780 - INFO - Archivo procesado exitosamente: KRW_USD Historical Data (9).csv
2024-12-19 15:19:17,818 - INFO - Columnas originales en KRW_USD Historical Data.csv: ['Date', 'Price', 'Open', 'High', 'Low', 'Vol.', 'Change %']
2024-12-19 15:19:17,819 - INFO - Archivo procesado exitosamente: KRW_USD Historical Data.csv
2024-12-19 15:19:17,876 - INFO - Archivo combinado guardado exitosamente: KRW_USD Historical Data_TOTAL.csv
2024-12-19 15:19:17,876 - INFO - Estadísticas finales para KRW_USD Historical Data:
2024-12-19 15:19:17,876 - INFO - - Archivos procesados: 12
2024-12-19 15:19:17,876 - INFO - - Total de registros: 6938
2024-12-19 15:19:17,876 - INFO - - Columnas en archivo final: ['Date', 'Close', 'Open', 'High', 'Low', 'Volume', 'Change%']
2024-12-19 15:19:17,877 - INFO - Procesando patrón: USD_SDG Historical Data
2024-12-19 15:19:17,878 - INFO - Iniciando proceso de combinación de archivos CSV para patrón 'USD_SDG Historical Data' en c:\Users\Nabucodonosor\Documents\BITLINK\Repositorios\Convinar data\data
2024-12-19 15:19:17,881 - INFO - Archivo encontrado: USD_SDG Historical Data (1).csv
2024-12-19 15:19:17,881 - INFO - Archivo encontrado: USD_SDG Historical Data (10).csv
2024-12-19 15:19:17,881 - INFO - Archivo encontrado: USD_SDG Historical Data (2).csv
2024-12-19 15:19:17,881 - INFO - Archivo encontrado: USD_SDG Historical Data (3).csv
2024-12-19 15:19:17,881 - INFO - Archivo encontrado: USD_SDG Historical Data (4).csv
2024-12-19 15:19:17,881 - INFO - Archivo encontrado: USD_SDG Historical Data (5).csv
2024-12-19 15:19:17,882 - INFO - Archivo encontrado: USD_SDG Historical Data (6).csv
2024-12-19 15:19:17,882 - INFO - Archivo encontrado: USD_SDG Historical Data (7).csv
2024-12-19 15:19:17,882 - INFO - Archivo encontrado: USD_SDG Historical Data (8).csv
2024-12-19 15:19:17,882 - INFO - Archivo encontrado: USD_SDG Historical Data (9).csv
2024-12-19 15:19:17,882 - INFO - Archivo encontrado: USD_SDG Historical Data.csv
2024-12-19 15:19:17,919 - INFO - Columnas originales en USD_SDG Historical Data (1).csv: ['Date', 'Price', 'Open', 'High', 'Low', 'Vol.', 'Change %']
2024-12-19 15:19:17,921 - INFO - Archivo procesado exitosamente: USD_SDG Historical Data (1).csv
2024-12-19 15:19:17,936 - INFO - Columnas originales en USD_SDG Historical Data (10).csv: ['Date', 'Price', 'Open', 'High', 'Low', 'Vol.', 'Change %']
2024-12-19 15:19:17,937 - INFO - Archivo procesado exitosamente: USD_SDG Historical Data (10).csv
2024-12-19 15:19:17,968 - INFO - Columnas originales en USD_SDG Historical Data (2).csv: ['Date', 'Price', 'Open', 'High', 'Low', 'Vol.', 'Change %']
2024-12-19 15:19:17,968 - INFO - Archivo procesado exitosamente: USD_SDG Historical Data (2).csv
2024-12-19 15:19:17,997 - INFO - Columnas originales en USD_SDG Historical Data (3).csv: ['Date', 'Price', 'Open', 'High', 'Low', 'Vol.', 'Change %']
2024-12-19 15:19:17,998 - INFO - Archivo procesado exitosamente: USD_SDG Historical Data (3).csv
2024-12-19 15:19:18,002 - INFO - Columnas originales en USD_SDG Historical Data (4).csv: ['Date', 'Price', 'Open', 'High', 'Low', 'Vol.', 'Change %']
2024-12-19 15:19:18,002 - INFO - Archivo procesado exitosamente: USD_SDG Historical Data (4).csv
2024-12-19 15:19:18,030 - INFO - Columnas originales en USD_SDG Historical Data (5).csv: ['Date', 'Price', 'Open', 'High', 'Low', 'Vol.', 'Change %']
2024-12-19 15:19:18,031 - INFO - Archivo procesado exitosamente: USD_SDG Historical Data (5).csv
2024-12-19 15:19:18,061 - INFO - Columnas originales en USD_SDG Historical Data (6).csv: ['Date', 'Price', 'Open', 'High', 'Low', 'Vol.', 'Change %']
2024-12-19 15:19:18,062 - INFO - Archivo procesado exitosamente: USD_SDG Historical Data (6).csv
2024-12-19 15:19:18,089 - INFO - Columnas originales en USD_SDG Historical Data (7).csv: ['Date', 'Price', 'Open', 'High', 'Low', 'Vol.', 'Change %']
2024-12-19 15:19:18,090 - INFO - Archivo procesado exitosamente: USD_SDG Historical Data (7).csv
2024-12-19 15:19:18,118 - INFO - Columnas originales en USD_SDG Historical Data (8).csv: ['Date', 'Price', 'Open', 'High', 'Low', 'Vol.', 'Change %']
2024-12-19 15:19:18,118 - INFO - Archivo procesado exitosamente: USD_SDG Historical Data (8).csv
2024-12-19 15:19:18,144 - INFO - Columnas originales en USD_SDG Historical Data (9).csv: ['Date', 'Price', 'Open', 'High', 'Low', 'Vol.', 'Change %']
2024-12-19 15:19:18,145 - INFO - Archivo procesado exitosamente: USD_SDG Historical Data (9).csv
2024-12-19 15:19:18,174 - INFO - Columnas originales en USD_SDG Historical Data.csv: ['Date', 'Price', 'Open', 'High', 'Low', 'Vol.', 'Change %']
2024-12-19 15:19:18,175 - INFO - Archivo procesado exitosamente: USD_SDG Historical Data.csv
2024-12-19 15:19:18,223 - INFO - Archivo combinado guardado exitosamente: USD_SDG Historical Data_TOTAL.csv
2024-12-19 15:19:18,223 - INFO - Estadísticas finales para USD_SDG Historical Data:
2024-12-19 15:19:18,223 - INFO - - Archivos procesados: 11
2024-12-19 15:19:18,224 - INFO - - Total de registros: 6323
2024-12-19 15:19:18,224 - INFO - - Columnas en archivo final: ['Date', 'Close', 'Open', 'High', 'Low', 'Volume', 'Change%']
2024-12-19 15:19:18,225 - INFO - Procesando patrón: CNY_USD Historical Data
2024-12-19 15:19:18,225 - INFO - Iniciando proceso de combinación de archivos CSV para patrón 'CNY_USD Historical Data' en c:\Users\Nabucodonosor\Documents\BITLINK\Repositorios\Convinar data\data
2024-12-19 15:19:18,228 - INFO - Archivo encontrado: CNY_USD Historical Data (1).csv
2024-12-19 15:19:18,228 - INFO - Archivo encontrado: CNY_USD Historical Data (10).csv
2024-12-19 15:19:18,229 - INFO - Archivo encontrado: CNY_USD Historical Data (2).csv
2024-12-19 15:19:18,229 - INFO - Archivo encontrado: CNY_USD Historical Data (3).csv
2024-12-19 15:19:18,229 - INFO - Archivo encontrado: CNY_USD Historical Data (4).csv
2024-12-19 15:19:18,229 - INFO - Archivo encontrado: CNY_USD Historical Data (5).csv
2024-12-19 15:19:18,229 - INFO - Archivo encontrado: CNY_USD Historical Data (6).csv
2024-12-19 15:19:18,229 - INFO - Archivo encontrado: CNY_USD Historical Data (7).csv
2024-12-19 15:19:18,229 - INFO - Archivo encontrado: CNY_USD Historical Data (8).csv
2024-12-19 15:19:18,229 - INFO - Archivo encontrado: CNY_USD Historical Data (9).csv
2024-12-19 15:19:18,230 - INFO - Archivo encontrado: CNY_USD Historical Data.csv
2024-12-19 15:19:18,264 - INFO - Columnas originales en CNY_USD Historical Data (1).csv: ['Date', 'Price', 'Open', 'High', 'Low', 'Vol.', 'Change %']
2024-12-19 15:19:18,265 - INFO - Archivo procesado exitosamente: CNY_USD Historical Data (1).csv
2024-12-19 15:19:18,268 - INFO - Columnas originales en CNY_USD Historical Data (10).csv: ['Date', 'Price', 'Open', 'High', 'Low', 'Vol.', 'Change %']
2024-12-19 15:19:18,268 - INFO - Archivo procesado exitosamente: CNY_USD Historical Data (10).csv
2024-12-19 15:19:18,302 - INFO - Columnas originales en CNY_USD Historical Data (2).csv: ['Date', 'Price', 'Open', 'High', 'Low', 'Vol.', 'Change %']
2024-12-19 15:19:18,302 - INFO - Archivo procesado exitosamente: CNY_USD Historical Data (2).csv
2024-12-19 15:19:18,306 - INFO - Columnas originales en CNY_USD Historical Data (3).csv: ['Date', 'Price', 'Open', 'High', 'Low', 'Vol.', 'Change %']
2024-12-19 15:19:18,307 - INFO - Archivo procesado exitosamente: CNY_USD Historical Data (3).csv
2024-12-19 15:19:18,341 - INFO - Columnas originales en CNY_USD Historical Data (4).csv: ['Date', 'Price', 'Open', 'High', 'Low', 'Vol.', 'Change %']
2024-12-19 15:19:18,342 - INFO - Archivo procesado exitosamente: CNY_USD Historical Data (4).csv
2024-12-19 15:19:18,374 - INFO - Columnas originales en CNY_USD Historical Data (5).csv: ['Date', 'Price', 'Open', 'High', 'Low', 'Vol.', 'Change %']
2024-12-19 15:19:18,375 - INFO - Archivo procesado exitosamente: CNY_USD Historical Data (5).csv
2024-12-19 15:19:18,407 - INFO - Columnas originales en CNY_USD Historical Data (6).csv: ['Date', 'Price', 'Open', 'High', 'Low', 'Vol.', 'Change %']
2024-12-19 15:19:18,408 - INFO - Archivo procesado exitosamente: CNY_USD Historical Data (6).csv
2024-12-19 15:19:18,439 - INFO - Columnas originales en CNY_USD Historical Data (7).csv: ['Date', 'Price', 'Open', 'High', 'Low', 'Vol.', 'Change %']
2024-12-19 15:19:18,440 - INFO - Archivo procesado exitosamente: CNY_USD Historical Data (7).csv
2024-12-19 15:19:18,473 - INFO - Columnas originales en CNY_USD Historical Data (8).csv: ['Date', 'Price', 'Open', 'High', 'Low', 'Vol.', 'Change %']
2024-12-19 15:19:18,474 - INFO - Archivo procesado exitosamente: CNY_USD Historical Data (8).csv
2024-12-19 15:19:18,504 - INFO - Columnas originales en CNY_USD Historical Data (9).csv: ['Date', 'Price', 'Open', 'High', 'Low', 'Vol.', 'Change %']
2024-12-19 15:19:18,505 - INFO - Archivo procesado exitosamente: CNY_USD Historical Data (9).csv
2024-12-19 15:19:18,533 - INFO - Columnas originales en CNY_USD Historical Data.csv: ['Date', 'Price', 'Open', 'High', 'Low', 'Vol.', 'Change %']
2024-12-19 15:19:18,533 - INFO - Archivo procesado exitosamente: CNY_USD Historical Data.csv
2024-12-19 15:19:18,588 - INFO - Archivo combinado guardado exitosamente: CNY_USD Historical Data_TOTAL.csv
2024-12-19 15:19:18,588 - INFO - Estadísticas finales para CNY_USD Historical Data:
2024-12-19 15:19:18,589 - INFO - - Archivos procesados: 11
2024-12-19 15:19:18,589 - INFO - - Total de registros: 5535
2024-12-19 15:19:18,589 - INFO - - Columnas en archivo final: ['Date', 'Close', 'Open', 'High', 'Low', 'Volume', 'Change%']
2024-12-19 15:19:18,591 - INFO - Procesando patrón: AUD_USD Historical Data
2024-12-19 15:19:18,592 - INFO - Iniciando proceso de combinación de archivos CSV para patrón 'AUD_USD Historical Data' en c:\Users\Nabucodonosor\Documents\BITLINK\Repositorios\Convinar data\data
2024-12-19 15:19:18,594 - INFO - Archivo encontrado: AUD_USD Historical Data (1).csv
2024-12-19 15:19:18,594 - INFO - Archivo encontrado: AUD_USD Historical Data (10).csv
2024-12-19 15:19:18,595 - INFO - Archivo encontrado: AUD_USD Historical Data (11).csv
2024-12-19 15:19:18,595 - INFO - Archivo encontrado: AUD_USD Historical Data (2).csv
2024-12-19 15:19:18,595 - INFO - Archivo encontrado: AUD_USD Historical Data (3).csv
2024-12-19 15:19:18,595 - INFO - Archivo encontrado: AUD_USD Historical Data (4).csv
2024-12-19 15:19:18,595 - INFO - Archivo encontrado: AUD_USD Historical Data (5).csv
2024-12-19 15:19:18,595 - INFO - Archivo encontrado: AUD_USD Historical Data (6).csv
2024-12-19 15:19:18,595 - INFO - Archivo encontrado: AUD_USD Historical Data (7).csv
2024-12-19 15:19:18,596 - INFO - Archivo encontrado: AUD_USD Historical Data (8).csv
2024-12-19 15:19:18,596 - INFO - Archivo encontrado: AUD_USD Historical Data (9).csv
2024-12-19 15:19:18,596 - INFO - Archivo encontrado: AUD_USD Historical Data.csv
2024-12-19 15:19:18,637 - INFO - Columnas originales en AUD_USD Historical Data (1).csv: ['Date', 'Price', 'Open', 'High', 'Low', 'Vol.', 'Change %']
2024-12-19 15:19:18,638 - INFO - Archivo procesado exitosamente: AUD_USD Historical Data (1).csv
2024-12-19 15:19:18,673 - INFO - Columnas originales en AUD_USD Historical Data (10).csv: ['Date', 'Price', 'Open', 'High', 'Low', 'Vol.', 'Change %']
2024-12-19 15:19:18,674 - INFO - Archivo procesado exitosamente: AUD_USD Historical Data (10).csv
2024-12-19 15:19:18,677 - INFO - Columnas originales en AUD_USD Historical Data (11).csv: ['Date', 'Price', 'Open', 'High', 'Low', 'Vol.', 'Change %']
2024-12-19 15:19:18,677 - INFO - Archivo procesado exitosamente: AUD_USD Historical Data (11).csv
2024-12-19 15:19:18,706 - INFO - Columnas originales en AUD_USD Historical Data (2).csv: ['Date', 'Price', 'Open', 'High', 'Low', 'Vol.', 'Change %']
2024-12-19 15:19:18,707 - INFO - Archivo procesado exitosamente: AUD_USD Historical Data (2).csv
2024-12-19 15:19:18,738 - INFO - Columnas originales en AUD_USD Historical Data (3).csv: ['Date', 'Price', 'Open', 'High', 'Low', 'Vol.', 'Change %']
2024-12-19 15:19:18,739 - INFO - Archivo procesado exitosamente: AUD_USD Historical Data (3).csv
2024-12-19 15:19:18,773 - INFO - Columnas originales en AUD_USD Historical Data (4).csv: ['Date', 'Price', 'Open', 'High', 'Low', 'Vol.', 'Change %']
2024-12-19 15:19:18,774 - INFO - Archivo procesado exitosamente: AUD_USD Historical Data (4).csv
2024-12-19 15:19:18,802 - INFO - Columnas originales en AUD_USD Historical Data (5).csv: ['Date', 'Price', 'Open', 'High', 'Low', 'Vol.', 'Change %']
2024-12-19 15:19:18,802 - INFO - Archivo procesado exitosamente: AUD_USD Historical Data (5).csv
2024-12-19 15:19:18,833 - INFO - Columnas originales en AUD_USD Historical Data (6).csv: ['Date', 'Price', 'Open', 'High', 'Low', 'Vol.', 'Change %']
2024-12-19 15:19:18,834 - INFO - Archivo procesado exitosamente: AUD_USD Historical Data (6).csv
2024-12-19 15:19:18,861 - INFO - Columnas originales en AUD_USD Historical Data (7).csv: ['Date', 'Price', 'Open', 'High', 'Low', 'Vol.', 'Change %']
2024-12-19 15:19:18,861 - INFO - Archivo procesado exitosamente: AUD_USD Historical Data (7).csv
2024-12-19 15:19:18,890 - INFO - Columnas originales en AUD_USD Historical Data (8).csv: ['Date', 'Price', 'Open', 'High', 'Low', 'Vol.', 'Change %']
2024-12-19 15:19:18,891 - INFO - Archivo procesado exitosamente: AUD_USD Historical Data (8).csv
2024-12-19 15:19:18,923 - INFO - Columnas originales en AUD_USD Historical Data (9).csv: ['Date', 'Price', 'Open', 'High', 'Low', 'Vol.', 'Change %']
2024-12-19 15:19:18,924 - INFO - Archivo procesado exitosamente: AUD_USD Historical Data (9).csv
2024-12-19 15:19:18,927 - INFO - Columnas originales en AUD_USD Historical Data.csv: ['Date', 'Price', 'Open', 'High', 'Low', 'Vol.', 'Change %']
2024-12-19 15:19:18,928 - INFO - Archivo procesado exitosamente: AUD_USD Historical Data.csv
2024-12-19 15:19:18,998 - INFO - Archivo combinado guardado exitosamente: AUD_USD Historical Data_TOTAL.csv
2024-12-19 15:19:18,998 - INFO - Estadísticas finales para AUD_USD Historical Data:
2024-12-19 15:19:18,998 - INFO - - Archivos procesados: 12
2024-12-19 15:19:18,998 - INFO - - Total de registros: 10024
2024-12-19 15:19:18,998 - INFO - - Columnas en archivo final: ['Date', 'Close', 'Open', 'High', 'Low', 'Volume', 'Change%']
2024-12-19 15:19:19,000 - INFO - Procesando patrón: JPY_USD Historical Data
2024-12-19 15:19:19,000 - INFO - Iniciando proceso de combinación de archivos CSV para patrón 'JPY_USD Historical Data' en c:\Users\Nabucodonosor\Documents\BITLINK\Repositorios\Convinar data\data
2024-12-19 15:19:19,002 - INFO - Archivo encontrado: JPY_USD Historical Data (1).csv
2024-12-19 15:19:19,002 - INFO - Archivo encontrado: JPY_USD Historical Data (10).csv
2024-12-19 15:19:19,002 - INFO - Archivo encontrado: JPY_USD Historical Data (11).csv
2024-12-19 15:19:19,002 - INFO - Archivo encontrado: JPY_USD Historical Data (2).csv
2024-12-19 15:19:19,003 - INFO - Archivo encontrado: JPY_USD Historical Data (3).csv
2024-12-19 15:19:19,003 - INFO - Archivo encontrado: JPY_USD Historical Data (4).csv
2024-12-19 15:19:19,003 - INFO - Archivo encontrado: JPY_USD Historical Data (5).csv
2024-12-19 15:19:19,003 - INFO - Archivo encontrado: JPY_USD Historical Data (6).csv
2024-12-19 15:19:19,003 - INFO - Archivo encontrado: JPY_USD Historical Data (7).csv
2024-12-19 15:19:19,003 - INFO - Archivo encontrado: JPY_USD Historical Data (8).csv
2024-12-19 15:19:19,003 - INFO - Archivo encontrado: JPY_USD Historical Data (9).csv
2024-12-19 15:19:19,003 - INFO - Archivo encontrado: JPY_USD Historical Data.csv
2024-12-19 15:19:19,020 - INFO - Columnas originales en JPY_USD Historical Data (1).csv: ['Date', 'Price', 'Open', 'High', 'Low', 'Vol.', 'Change %']
2024-12-19 15:19:19,021 - INFO - Archivo procesado exitosamente: JPY_USD Historical Data (1).csv
2024-12-19 15:19:19,026 - INFO - Columnas originales en JPY_USD Historical Data (10).csv: ['Date', 'Price', 'Open', 'High', 'Low', 'Vol.', 'Change %']
2024-12-19 15:19:19,026 - INFO - Archivo procesado exitosamente: JPY_USD Historical Data (10).csv
2024-12-19 15:19:19,037 - INFO - Columnas originales en JPY_USD Historical Data (11).csv: ['Date', 'Price', 'Open', 'High', 'Low', 'Vol.', 'Change %']
2024-12-19 15:19:19,037 - INFO - Archivo procesado exitosamente: JPY_USD Historical Data (11).csv
2024-12-19 15:19:19,052 - INFO - Columnas originales en JPY_USD Historical Data (2).csv: ['Date', 'Price', 'Open', 'High', 'Low', 'Vol.', 'Change %']
2024-12-19 15:19:19,053 - INFO - Archivo procesado exitosamente: JPY_USD Historical Data (2).csv
2024-12-19 15:19:19,056 - INFO - Columnas originales en JPY_USD Historical Data (3).csv: ['Date', 'Price', 'Open', 'High', 'Low', 'Vol.', 'Change %']
2024-12-19 15:19:19,057 - INFO - Archivo procesado exitosamente: JPY_USD Historical Data (3).csv
2024-12-19 15:19:19,070 - INFO - Columnas originales en JPY_USD Historical Data (4).csv: ['Date', 'Price', 'Open', 'High', 'Low', 'Vol.', 'Change %']
2024-12-19 15:19:19,071 - INFO - Archivo procesado exitosamente: JPY_USD Historical Data (4).csv
2024-12-19 15:19:19,084 - INFO - Columnas originales en JPY_USD Historical Data (5).csv: ['Date', 'Price', 'Open', 'High', 'Low', 'Vol.', 'Change %']
2024-12-19 15:19:19,085 - INFO - Archivo procesado exitosamente: JPY_USD Historical Data (5).csv
2024-12-19 15:19:19,090 - INFO - Columnas originales en JPY_USD Historical Data (6).csv: ['Date', 'Price', 'Open', 'High', 'Low', 'Vol.', 'Change %']
2024-12-19 15:19:19,091 - INFO - Archivo procesado exitosamente: JPY_USD Historical Data (6).csv
2024-12-19 15:19:19,094 - INFO - Columnas originales en JPY_USD Historical Data (7).csv: ['Date', 'Price', 'Open', 'High', 'Low', 'Vol.', 'Change %']
2024-12-19 15:19:19,094 - INFO - Archivo procesado exitosamente: JPY_USD Historical Data (7).csv
2024-12-19 15:19:19,106 - INFO - Columnas originales en JPY_USD Historical Data (8).csv: ['Date', 'Price', 'Open', 'High', 'Low', 'Vol.', 'Change %']
2024-12-19 15:19:19,107 - INFO - Archivo procesado exitosamente: JPY_USD Historical Data (8).csv
2024-12-19 15:19:19,118 - INFO - Columnas originales en JPY_USD Historical Data (9).csv: ['Date', 'Price', 'Open', 'High', 'Low', 'Vol.', 'Change %']
2024-12-19 15:19:19,119 - INFO - Archivo procesado exitosamente: JPY_USD Historical Data (9).csv
2024-12-19 15:19:19,130 - INFO - Columnas originales en JPY_USD Historical Data.csv: ['Date', 'Price', 'Open', 'High', 'Low', 'Vol.', 'Change %']
2024-12-19 15:19:19,130 - INFO - Archivo procesado exitosamente: JPY_USD Historical Data.csv
2024-12-19 15:19:19,151 - INFO - Archivo combinado guardado exitosamente: JPY_USD Historical Data_TOTAL.csv
2024-12-19 15:19:19,151 - INFO - Estadísticas finales para JPY_USD Historical Data:
2024-12-19 15:19:19,151 - INFO - - Archivos procesados: 12
2024-12-19 15:19:19,151 - INFO - - Total de registros: 1774
2024-12-19 15:19:19,151 - INFO - - Columnas en archivo final: ['Date', 'Close', 'Open', 'High', 'Low', 'Volume', 'Change%']
2024-12-19 15:19:19,152 - INFO - Procesando patrón: USD_INR Historical Data
2024-12-19 15:19:19,153 - INFO - Iniciando proceso de combinación de archivos CSV para patrón 'USD_INR Historical Data' en c:\Users\Nabucodonosor\Documents\BITLINK\Repositorios\Convinar data\data
2024-12-19 15:19:19,155 - INFO - Archivo encontrado: USD_INR Historical Data (1).csv
2024-12-19 15:19:19,155 - INFO - Archivo encontrado: USD_INR Historical Data (10).csv
2024-12-19 15:19:19,156 - INFO - Archivo encontrado: USD_INR Historical Data (2).csv
2024-12-19 15:19:19,156 - INFO - Archivo encontrado: USD_INR Historical Data (3).csv
2024-12-19 15:19:19,156 - INFO - Archivo encontrado: USD_INR Historical Data (4).csv
2024-12-19 15:19:19,156 - INFO - Archivo encontrado: USD_INR Historical Data (5).csv
2024-12-19 15:19:19,156 - INFO - Archivo encontrado: USD_INR Historical Data (6).csv
2024-12-19 15:19:19,156 - INFO - Archivo encontrado: USD_INR Historical Data (7).csv
2024-12-19 15:19:19,156 - INFO - Archivo encontrado: USD_INR Historical Data (8).csv
2024-12-19 15:19:19,156 - INFO - Archivo encontrado: USD_INR Historical Data (9).csv
2024-12-19 15:19:19,157 - INFO - Archivo encontrado: USD_INR Historical Data.csv
2024-12-19 15:19:19,161 - INFO - Columnas originales en USD_INR Historical Data (1).csv: ['Date', 'Price', 'Open', 'High', 'Low', 'Vol.', 'Change %']
2024-12-19 15:19:19,161 - INFO - Archivo procesado exitosamente: USD_INR Historical Data (1).csv
2024-12-19 15:19:19,177 - INFO - Columnas originales en USD_INR Historical Data (10).csv: ['Date', 'Price', 'Open', 'High', 'Low', 'Vol.', 'Change %']
2024-12-19 15:19:19,178 - INFO - Archivo procesado exitosamente: USD_INR Historical Data (10).csv
2024-12-19 15:19:19,207 - INFO - Columnas originales en USD_INR Historical Data (2).csv: ['Date', 'Price', 'Open', 'High', 'Low', 'Vol.', 'Change %']
2024-12-19 15:19:19,207 - INFO - Archivo procesado exitosamente: USD_INR Historical Data (2).csv
2024-12-19 15:19:19,236 - INFO - Columnas originales en USD_INR Historical Data (3).csv: ['Date', 'Price', 'Open', 'High', 'Low', 'Vol.', 'Change %']
2024-12-19 15:19:19,237 - INFO - Archivo procesado exitosamente: USD_INR Historical Data (3).csv
2024-12-19 15:19:19,242 - INFO - Columnas originales en USD_INR Historical Data (4).csv: ['Date', 'Price', 'Open', 'High', 'Low', 'Vol.', 'Change %']
2024-12-19 15:19:19,243 - INFO - Archivo procesado exitosamente: USD_INR Historical Data (4).csv
2024-12-19 15:19:19,272 - INFO - Columnas originales en USD_INR Historical Data (5).csv: ['Date', 'Price', 'Open', 'High', 'Low', 'Vol.', 'Change %']
2024-12-19 15:19:19,273 - INFO - Archivo procesado exitosamente: USD_INR Historical Data (5).csv
2024-12-19 15:19:19,304 - INFO - Columnas originales en USD_INR Historical Data (6).csv: ['Date', 'Price', 'Open', 'High', 'Low', 'Vol.', 'Change %']
2024-12-19 15:19:19,305 - INFO - Archivo procesado exitosamente: USD_INR Historical Data (6).csv
2024-12-19 15:19:19,332 - INFO - Columnas originales en USD_INR Historical Data (7).csv: ['Date', 'Price', 'Open', 'High', 'Low', 'Vol.', 'Change %']
2024-12-19 15:19:19,333 - INFO - Archivo procesado exitosamente: USD_INR Historical Data (7).csv
2024-12-19 15:19:19,358 - INFO - Columnas originales en USD_INR Historical Data (8).csv: ['Date', 'Price', 'Open', 'High', 'Low', 'Vol.', 'Change %']
2024-12-19 15:19:19,359 - INFO - Archivo procesado exitosamente: USD_INR Historical Data (8).csv
2024-12-19 15:19:19,383 - INFO - Columnas originales en USD_INR Historical Data (9).csv: ['Date', 'Price', 'Open', 'High', 'Low', 'Vol.', 'Change %']
2024-12-19 15:19:19,384 - INFO - Archivo procesado exitosamente: USD_INR Historical Data (9).csv
2024-12-19 15:19:19,409 - INFO - Columnas originales en USD_INR Historical Data.csv: ['Date', 'Price', 'Open', 'High', 'Low', 'Vol.', 'Change %']
2024-12-19 15:19:19,409 - INFO - Archivo procesado exitosamente: USD_INR Historical Data.csv
2024-12-19 15:19:19,478 - INFO - Archivo combinado guardado exitosamente: USD_INR Historical Data_TOTAL.csv
2024-12-19 15:19:19,478 - INFO - Estadísticas finales para USD_INR Historical Data:
2024-12-19 15:19:19,478 - INFO - - Archivos procesados: 11
2024-12-19 15:19:19,479 - INFO - - Total de registros: 11301
2024-12-19 15:19:19,479 - INFO - - Columnas en archivo final: ['Date', 'Close', 'Open', 'High', 'Low', 'Volume', 'Change%']
2024-12-19 15:19:19,480 - INFO - 
Resumen de procesamiento:
2024-12-19 15:19:19,480 - INFO - - Patrones procesados exitosamente: 10
2024-12-19 15:19:19,480 - INFO - - Patrones con errores: 0
2024-12-19 15:19:19,480 - INFO - - Total de patrones: 10
